Base path: '/Applications/Unity/Hub/Editor/2019.4.13f1/Unity.app/Contents', plugins path '/Applications/Unity/Hub/Editor/2019.4.13f1/PlaybackEngines'
Cmd: initializeCompiler
Cmd: preprocessCompute
  insize=18709 outsize=18731 ok=1
Cmd: compileComputeKernel
  api=18 insize=18731 outsize=34002 ok=1
Cmd: compileComputeKernel
  api=18 insize=18731 outsize=56695 ok=1
Cmd: compileComputeKernel
  api=14 insize=18731 outsize=9901 ok=1
Cmd: translateComputeKernel
  api=14 insize=9370 outsize=16172 ok=1
Cmd: translateComputeKernel
  api=14 insize=11447 outsize=25070 ok=1
Cmd: preprocessCompute
  insize=1220 outsize=1226 ok=1
Cmd: translateComputeKernel
  api=14 insize=1448 outsize=1556 ok=1
Cmd: preprocessCompute
  insize=1499 outsize=1505 ok=1
Cmd: translateComputeKernel
  api=14 insize=2071 outsize=3116 ok=1
Cmd: preprocessCompute
  insize=5024 outsize=5032 ok=1
Cmd: compileComputeKernel
  api=18 insize=5032 outsize=24708 ok=1
Cmd: translateComputeKernel
  api=14 insize=5372 outsize=7542 ok=1
Cmd: preprocessCompute
  insize=1858 outsize=1864 ok=1
Cmd: translateComputeKernel
  api=14 insize=1997 outsize=3391 ok=1
Cmd: preprocessCompute
  insize=3152 outsize=3158 ok=1
Cmd: translateComputeKernel
  api=14 insize=48467 outsize=85198 ok=1
Cmd: preprocessCompute
  insize=11166 outsize=11176 ok=1
Cmd: compileComputeKernel
  api=18 insize=11176 outsize=48613 ok=1
Cmd: translateComputeKernel
  api=14 insize=10544 outsize=18410 ok=1
Cmd: preprocessCompute
  insize=2114 outsize=2120 ok=1
Cmd: compileComputeKernel
  api=18 insize=2120 outsize=4209 ok=1
Cmd: preprocessCompute
  insize=2128 outsize=2134 ok=1
Cmd: preprocessCompute
  insize=3526 outsize=3532 ok=1
Cmd: translateComputeKernel
  api=14 insize=3205 outsize=5297 ok=1
Cmd: preprocessCompute
  insize=3168 outsize=3174 ok=1
Cmd: compileComputeKernel
  api=18 insize=3174 outsize=1259 ok=1
Cmd: translateComputeKernel
  api=14 insize=2124 outsize=3338 ok=1
Cmd: preprocessCompute
  insize=1953 outsize=1957 ok=1
Cmd: compileComputeKernel
  api=9 insize=1957 outsize=1537 ok=1
Cmd: translateComputeKernel
  api=14 insize=1151 outsize=1287 ok=1
Cmd: preprocessCompute
  insize=5587 outsize=5591 ok=1
Cmd: compileComputeKernel
  api=18 insize=5591 outsize=24933 ok=1
