Base path: '/Applications/Unity/Hub/Editor/2019.4.13f1/Unity.app/Contents', plugins path '/Applications/Unity/Hub/Editor/2019.4.13f1/Unity.app/Contents/PlaybackEngines'
Cmd: initializeCompiler
Cmd: compileComputeKernel
  error: 2 plat 14 at (38): failed to open source file: 'Packages/com.unity.postprocessing/PostProcessing/Shaders/StdLib.hlsl'
  api=14 insize=18353 outsize=0 ok=0
Cmd: compileComputeKernel
  error: 2 plat 14 at (5): failed to open source file: 'Packages/com.unity.postprocessing/PostProcessing/Shaders/StdLib.hlsl'
  error: 2 plat 14 at (6): failed to open source file: 'Packages/com.unity.postprocessing/PostProcessing/Shaders/Colors.hlsl'
  api=14 insize=1562 outsize=0 ok=0
Cmd: compileComputeKernel
  error: 2 plat 14 at (8): failed to open source file: 'Packages/com.unity.postprocessing/PostProcessing/Shaders/StdLib.hlsl'
  error: 2 plat 14 at (9): failed to open source file: 'Packages/com.unity.postprocessing/PostProcessing/Shaders/Builtins/ExposureHistogram.hlsl'
  api=14 insize=3190 outsize=0 ok=0
Cmd: compileComputeKernel
  error: 2 plat 14 at (31): failed to open source file: 'Packages/com.unity.postprocessing/PostProcessing/Shaders/StdLib.hlsl'
  api=14 insize=10935 outsize=0 ok=0
Cmd: compileComputeKernel
  error: 2 plat 14 at (29): failed to open source file: 'Packages/com.unity.postprocessing/PostProcessing/Shaders/StdLib.hlsl'
  api=14 insize=2098 outsize=0 ok=0

Quitting shader compiler process
